<?xml version="1.0" encoding="UTF-8"?>
<coverage generated="1689014067326" clover="3.2.0">
  <project timestamp="1689014067326" name="All files">
    <metrics statements="85" coveredstatements="85" conditionals="25" coveredconditionals="25" methods="29" coveredmethods="29" elements="139" coveredelements="139" complexity="0" loc="85" ncloc="85" packages="1" files="1" classes="1"/>
    <file name="index.js" path="/home/paramdeo/GitHub/ajuda/index.js">
      <metrics statements="85" coveredstatements="85" conditionals="25" coveredconditionals="25" methods="29" coveredmethods="29"/>
      <line num="8" count="44" type="stmt"/>
      <line num="9" count="48" type="cond" truecount="2" falsecount="0"/>
      <line num="10" count="6" type="stmt"/>
      <line num="17" count="1" type="stmt"/>
      <line num="35" count="2" type="stmt"/>
      <line num="36" count="2" type="cond" truecount="2" falsecount="0"/>
      <line num="37" count="1" type="stmt"/>
      <line num="39" count="1" type="stmt"/>
      <line num="55" count="2" type="stmt"/>
      <line num="56" count="2" type="cond" truecount="2" falsecount="0"/>
      <line num="57" count="1" type="stmt"/>
      <line num="59" count="1" type="stmt"/>
      <line num="60" count="1" type="stmt"/>
      <line num="61" count="1" type="stmt"/>
      <line num="72" count="5" type="stmt"/>
      <line num="73" count="1" type="stmt"/>
      <line num="74" count="1" type="stmt"/>
      <line num="89" count="5" type="stmt"/>
      <line num="90" count="3" type="stmt"/>
      <line num="91" count="3" type="stmt"/>
      <line num="92" count="3" type="stmt"/>
      <line num="112" count="3" type="stmt"/>
      <line num="113" count="3" type="stmt"/>
      <line num="114" count="3" type="stmt"/>
      <line num="117" count="21" type="stmt"/>
      <line num="124" count="1" type="stmt"/>
      <line num="136" count="6" type="stmt"/>
      <line num="137" count="6" type="stmt"/>
      <line num="138" count="6" type="stmt"/>
      <line num="150" count="4" type="stmt"/>
      <line num="151" count="4" type="stmt"/>
      <line num="152" count="4" type="stmt"/>
      <line num="174" count="1" type="stmt"/>
      <line num="186" count="3" type="stmt"/>
      <line num="187" count="3" type="stmt"/>
      <line num="188" count="3" type="stmt"/>
      <line num="206" count="2" type="stmt"/>
      <line num="207" count="2" type="stmt"/>
      <line num="208" count="8" type="stmt"/>
      <line num="220" count="4" type="stmt"/>
      <line num="221" count="4" type="stmt"/>
      <line num="222" count="4" type="cond" truecount="2" falsecount="0"/>
      <line num="223" count="16" type="stmt"/>
      <line num="225" count="3" type="cond" truecount="2" falsecount="0"/>
      <line num="226" count="15" type="stmt"/>
      <line num="228" count="30" type="stmt"/>
      <line num="240" count="4" type="stmt"/>
      <line num="241" count="4" type="stmt"/>
      <line num="242" count="4" type="cond" truecount="2" falsecount="0"/>
      <line num="243" count="1" type="stmt"/>
      <line num="245" count="3" type="cond" truecount="2" falsecount="0"/>
      <line num="246" count="1" type="stmt"/>
      <line num="248" count="2" type="stmt"/>
      <line num="260" count="1" type="stmt"/>
      <line num="261" count="1" type="stmt"/>
      <line num="262" count="8" type="stmt"/>
      <line num="268" count="1" type="stmt"/>
      <line num="283" count="4" type="cond" truecount="2" falsecount="0"/>
      <line num="284" count="1" type="stmt"/>
      <line num="286" count="3" type="cond" truecount="2" falsecount="0"/>
      <line num="287" count="1" type="stmt"/>
      <line num="289" count="2" type="stmt"/>
      <line num="290" count="2" type="cond" truecount="2" falsecount="0"/>
      <line num="291" count="1" type="stmt"/>
      <line num="293" count="1" type="stmt"/>
      <line num="307" count="1" type="stmt"/>
      <line num="319" count="1" type="stmt"/>
      <line num="320" count="1" type="stmt"/>
      <line num="321" count="10" type="stmt"/>
      <line num="323" count="1" type="stmt"/>
      <line num="329" count="1" type="stmt"/>
      <line num="343" count="2" type="stmt"/>
      <line num="344" count="2" type="stmt"/>
      <line num="367" count="1" type="stmt"/>
      <line num="368" count="1" type="stmt"/>
      <line num="374" count="1" type="stmt"/>
      <line num="387" count="1" type="stmt"/>
      <line num="388" count="1" type="stmt"/>
      <line num="389" count="5" type="cond" truecount="2" falsecount="0"/>
      <line num="390" count="4" type="stmt"/>
      <line num="392" count="1" type="stmt"/>
      <line num="395" count="1" type="stmt"/>
      <line num="409" count="1" type="stmt"/>
      <line num="410" count="5" type="stmt"/>
      <line num="425" count="1" type="stmt"/>
    </file>
  </project>
</coverage>
