<?xml version="1.0" encoding="UTF-8"?>
<coverage generated="1688485146933" clover="3.2.0">
  <project timestamp="1688485146933" name="All files">
    <metrics statements="82" coveredstatements="82" conditionals="25" coveredconditionals="25" methods="28" coveredmethods="28" elements="135" coveredelements="135" complexity="0" loc="82" ncloc="82" packages="1" files="1" classes="1"/>
    <file name="index.js" path="/home/paramdeo/GitHub/ajuda/index.js">
      <metrics statements="82" coveredstatements="82" conditionals="25" coveredconditionals="25" methods="28" coveredmethods="28"/>
      <line num="8" count="41" type="stmt"/>
      <line num="9" count="45" type="cond" truecount="2" falsecount="0"/>
      <line num="10" count="6" type="stmt"/>
      <line num="17" count="1" type="stmt"/>
      <line num="27" count="5" type="stmt"/>
      <line num="28" count="1" type="stmt"/>
      <line num="29" count="1" type="stmt"/>
      <line num="44" count="5" type="stmt"/>
      <line num="45" count="3" type="stmt"/>
      <line num="46" count="3" type="stmt"/>
      <line num="47" count="3" type="stmt"/>
      <line num="67" count="3" type="stmt"/>
      <line num="68" count="3" type="stmt"/>
      <line num="69" count="3" type="stmt"/>
      <line num="72" count="21" type="stmt"/>
      <line num="92" count="2" type="stmt"/>
      <line num="93" count="2" type="cond" truecount="2" falsecount="0"/>
      <line num="94" count="1" type="stmt"/>
      <line num="96" count="1" type="stmt"/>
      <line num="112" count="2" type="stmt"/>
      <line num="113" count="2" type="cond" truecount="2" falsecount="0"/>
      <line num="114" count="1" type="stmt"/>
      <line num="116" count="1" type="stmt"/>
      <line num="117" count="1" type="stmt"/>
      <line num="118" count="1" type="stmt"/>
      <line num="124" count="1" type="stmt"/>
      <line num="136" count="6" type="stmt"/>
      <line num="137" count="6" type="stmt"/>
      <line num="138" count="6" type="stmt"/>
      <line num="150" count="4" type="stmt"/>
      <line num="151" count="4" type="stmt"/>
      <line num="152" count="4" type="stmt"/>
      <line num="164" count="3" type="stmt"/>
      <line num="165" count="3" type="stmt"/>
      <line num="166" count="3" type="stmt"/>
      <line num="178" count="4" type="stmt"/>
      <line num="179" count="4" type="stmt"/>
      <line num="180" count="4" type="cond" truecount="2" falsecount="0"/>
      <line num="181" count="16" type="stmt"/>
      <line num="183" count="3" type="cond" truecount="2" falsecount="0"/>
      <line num="184" count="15" type="stmt"/>
      <line num="186" count="30" type="stmt"/>
      <line num="198" count="4" type="stmt"/>
      <line num="199" count="4" type="stmt"/>
      <line num="200" count="4" type="cond" truecount="2" falsecount="0"/>
      <line num="201" count="1" type="stmt"/>
      <line num="203" count="3" type="cond" truecount="2" falsecount="0"/>
      <line num="204" count="1" type="stmt"/>
      <line num="206" count="2" type="stmt"/>
      <line num="218" count="1" type="stmt"/>
      <line num="219" count="1" type="stmt"/>
      <line num="220" count="8" type="stmt"/>
      <line num="238" count="2" type="stmt"/>
      <line num="239" count="2" type="stmt"/>
      <line num="240" count="8" type="stmt"/>
      <line num="262" count="1" type="stmt"/>
      <line num="268" count="1" type="stmt"/>
      <line num="283" count="4" type="cond" truecount="2" falsecount="0"/>
      <line num="284" count="1" type="stmt"/>
      <line num="286" count="3" type="cond" truecount="2" falsecount="0"/>
      <line num="287" count="1" type="stmt"/>
      <line num="289" count="2" type="stmt"/>
      <line num="290" count="2" type="cond" truecount="2" falsecount="0"/>
      <line num="291" count="1" type="stmt"/>
      <line num="293" count="1" type="stmt"/>
      <line num="306" count="1" type="stmt"/>
      <line num="307" count="1" type="stmt"/>
      <line num="308" count="10" type="stmt"/>
      <line num="310" count="1" type="stmt"/>
      <line num="324" count="1" type="stmt"/>
      <line num="330" count="1" type="stmt"/>
      <line num="351" count="1" type="stmt"/>
      <line num="357" count="1" type="stmt"/>
      <line num="369" count="1" type="stmt"/>
      <line num="370" count="5" type="stmt"/>
      <line num="386" count="1" type="stmt"/>
      <line num="387" count="1" type="stmt"/>
      <line num="388" count="5" type="cond" truecount="2" falsecount="0"/>
      <line num="389" count="4" type="stmt"/>
      <line num="391" count="1" type="stmt"/>
      <line num="394" count="1" type="stmt"/>
      <line num="408" count="1" type="stmt"/>
    </file>
  </project>
</coverage>
