{"/home/paramdeo/GitHub/ajuda/index.js": {"path":"/home/paramdeo/GitHub/ajuda/index.js","statementMap":{"0":{"start":{"line":8,"column":2},"end":{"line":12,"column":3}},"1":{"start":{"line":9,"column":4},"end":{"line":11,"column":5}},"2":{"start":{"line":10,"column":6},"end":{"line":10,"column":56}},"3":{"start":{"line":17,"column":22},"end":{"line":120,"column":1}},"4":{"start":{"line":35,"column":4},"end":{"line":35,"column":42}},"5":{"start":{"line":36,"column":4},"end":{"line":38,"column":5}},"6":{"start":{"line":37,"column":6},"end":{"line":37,"column":18}},"7":{"start":{"line":39,"column":4},"end":{"line":39,"column":61}},"8":{"start":{"line":55,"column":4},"end":{"line":55,"column":42}},"9":{"start":{"line":56,"column":4},"end":{"line":58,"column":5}},"10":{"start":{"line":57,"column":6},"end":{"line":57,"column":18}},"11":{"start":{"line":59,"column":14},"end":{"line":59,"column":53}},"12":{"start":{"line":60,"column":15},"end":{"line":60,"column":55}},"13":{"start":{"line":61,"column":4},"end":{"line":61,"column":55}},"14":{"start":{"line":72,"column":4},"end":{"line":72,"column":33}},"15":{"start":{"line":73,"column":12},"end":{"line":73,"column":26}},"16":{"start":{"line":74,"column":4},"end":{"line":77,"column":17}},"17":{"start":{"line":89,"column":4},"end":{"line":89,"column":33}},"18":{"start":{"line":90,"column":17},"end":{"line":90,"column":31}},"19":{"start":{"line":91,"column":12},"end":{"line":91,"column":26}},"20":{"start":{"line":92,"column":4},"end":{"line":95,"column":28}},"21":{"start":{"line":112,"column":4},"end":{"line":112,"column":33}},"22":{"start":{"line":113,"column":12},"end":{"line":113,"column":26}},"23":{"start":{"line":114,"column":4},"end":{"line":118,"column":11}},"24":{"start":{"line":117,"column":20},"end":{"line":117,"column":42}},"25":{"start":{"line":124,"column":21},"end":{"line":264,"column":1}},"26":{"start":{"line":136,"column":4},"end":{"line":136,"column":32}},"27":{"start":{"line":137,"column":12},"end":{"line":137,"column":25}},"28":{"start":{"line":138,"column":4},"end":{"line":138,"column":25}},"29":{"start":{"line":150,"column":4},"end":{"line":150,"column":32}},"30":{"start":{"line":151,"column":12},"end":{"line":151,"column":26}},"31":{"start":{"line":152,"column":4},"end":{"line":152,"column":34}},"32":{"start":{"line":174,"column":4},"end":{"line":174,"column":35}},"33":{"start":{"line":186,"column":4},"end":{"line":186,"column":32}},"34":{"start":{"line":187,"column":12},"end":{"line":187,"column":25}},"35":{"start":{"line":188,"column":4},"end":{"line":188,"column":38}},"36":{"start":{"line":206,"column":4},"end":{"line":206,"column":32}},"37":{"start":{"line":207,"column":12},"end":{"line":207,"column":26}},"38":{"start":{"line":208,"column":4},"end":{"line":208,"column":71}},"39":{"start":{"line":208,"column":43},"end":{"line":208,"column":70}},"40":{"start":{"line":220,"column":4},"end":{"line":220,"column":32}},"41":{"start":{"line":221,"column":12},"end":{"line":221,"column":25}},"42":{"start":{"line":222,"column":4},"end":{"line":228,"column":38}},"43":{"start":{"line":223,"column":6},"end":{"line":223,"column":36}},"44":{"start":{"line":223,"column":30},"end":{"line":223,"column":35}},"45":{"start":{"line":225,"column":9},"end":{"line":228,"column":38}},"46":{"start":{"line":226,"column":6},"end":{"line":226,"column":36}},"47":{"start":{"line":226,"column":30},"end":{"line":226,"column":35}},"48":{"start":{"line":228,"column":9},"end":{"line":228,"column":38}},"49":{"start":{"line":228,"column":32},"end":{"line":228,"column":37}},"50":{"start":{"line":240,"column":4},"end":{"line":240,"column":32}},"51":{"start":{"line":241,"column":12},"end":{"line":241,"column":25}},"52":{"start":{"line":242,"column":4},"end":{"line":248,"column":24}},"53":{"start":{"line":243,"column":6},"end":{"line":243,"column":31}},"54":{"start":{"line":245,"column":9},"end":{"line":248,"column":24}},"55":{"start":{"line":246,"column":6},"end":{"line":246,"column":21}},"56":{"start":{"line":248,"column":9},"end":{"line":248,"column":24}},"57":{"start":{"line":260,"column":4},"end":{"line":260,"column":32}},"58":{"start":{"line":261,"column":12},"end":{"line":261,"column":25}},"59":{"start":{"line":262,"column":4},"end":{"line":262,"column":48}},"60":{"start":{"line":262,"column":28},"end":{"line":262,"column":47}},"61":{"start":{"line":268,"column":22},"end":{"line":325,"column":1}},"62":{"start":{"line":283,"column":4},"end":{"line":285,"column":5}},"63":{"start":{"line":284,"column":6},"end":{"line":284,"column":56}},"64":{"start":{"line":286,"column":4},"end":{"line":288,"column":5}},"65":{"start":{"line":287,"column":6},"end":{"line":287,"column":57}},"66":{"start":{"line":289,"column":17},"end":{"line":289,"column":33}},"67":{"start":{"line":290,"column":4},"end":{"line":292,"column":5}},"68":{"start":{"line":291,"column":6},"end":{"line":291,"column":69}},"69":{"start":{"line":293,"column":4},"end":{"line":293,"column":17}},"70":{"start":{"line":307,"column":4},"end":{"line":307,"column":45}},"71":{"start":{"line":319,"column":16},"end":{"line":319,"column":18}},"72":{"start":{"line":320,"column":4},"end":{"line":322,"column":5}},"73":{"start":{"line":320,"column":17},"end":{"line":320,"column":22}},"74":{"start":{"line":321,"column":6},"end":{"line":321,"column":19}},"75":{"start":{"line":323,"column":4},"end":{"line":323,"column":16}},"76":{"start":{"line":329,"column":22},"end":{"line":370,"column":1}},"77":{"start":{"line":343,"column":4},"end":{"line":343,"column":34}},"78":{"start":{"line":344,"column":4},"end":{"line":344,"column":43}},"79":{"start":{"line":367,"column":4},"end":{"line":367,"column":34}},"80":{"start":{"line":368,"column":4},"end":{"line":368,"column":46}},"81":{"start":{"line":374,"column":19},"end":{"line":430,"column":1}},"82":{"start":{"line":387,"column":16},"end":{"line":387,"column":28}},"83":{"start":{"line":388,"column":4},"end":{"line":394,"column":5}},"84":{"start":{"line":389,"column":6},"end":{"line":393,"column":7}},"85":{"start":{"line":390,"column":8},"end":{"line":390,"column":29}},"86":{"start":{"line":392,"column":8},"end":{"line":392,"column":26}},"87":{"start":{"line":395,"column":4},"end":{"line":395,"column":16}},"88":{"start":{"line":409,"column":4},"end":{"line":411,"column":5}},"89":{"start":{"line":410,"column":40},"end":{"line":410,"column":57}},"90":{"start":{"line":425,"column":4},"end":{"line":428,"column":6}}},"fnMap":{"0":{"name":"checkParams","decl":{"start":{"line":7,"column":9},"end":{"line":7,"column":20}},"loc":{"start":{"line":7,"column":42},"end":{"line":13,"column":1}},"line":7},"1":{"name":"(anonymous_1)","decl":{"start":{"line":34,"column":2},"end":{"line":34,"column":3}},"loc":{"start":{"line":34,"column":27},"end":{"line":40,"column":3}},"line":34},"2":{"name":"(anonymous_2)","decl":{"start":{"line":54,"column":2},"end":{"line":54,"column":3}},"loc":{"start":{"line":54,"column":29},"end":{"line":62,"column":3}},"line":54},"3":{"name":"(anonymous_3)","decl":{"start":{"line":71,"column":2},"end":{"line":71,"column":3}},"loc":{"start":{"line":71,"column":18},"end":{"line":78,"column":3}},"line":71},"4":{"name":"(anonymous_4)","decl":{"start":{"line":88,"column":2},"end":{"line":88,"column":3}},"loc":{"start":{"line":88,"column":18},"end":{"line":96,"column":3}},"line":88},"5":{"name":"(anonymous_5)","decl":{"start":{"line":111,"column":2},"end":{"line":111,"column":3}},"loc":{"start":{"line":111,"column":20},"end":{"line":119,"column":4}},"line":111},"6":{"name":"(anonymous_6)","decl":{"start":{"line":117,"column":12},"end":{"line":117,"column":13}},"loc":{"start":{"line":117,"column":20},"end":{"line":117,"column":42}},"line":117},"7":{"name":"(anonymous_7)","decl":{"start":{"line":135,"column":2},"end":{"line":135,"column":3}},"loc":{"start":{"line":135,"column":36},"end":{"line":139,"column":3}},"line":135},"8":{"name":"(anonymous_8)","decl":{"start":{"line":149,"column":2},"end":{"line":149,"column":3}},"loc":{"start":{"line":149,"column":23},"end":{"line":153,"column":3}},"line":149},"9":{"name":"(anonymous_9)","decl":{"start":{"line":173,"column":2},"end":{"line":173,"column":3}},"loc":{"start":{"line":173,"column":25},"end":{"line":175,"column":3}},"line":173},"10":{"name":"(anonymous_10)","decl":{"start":{"line":185,"column":2},"end":{"line":185,"column":3}},"loc":{"start":{"line":185,"column":26},"end":{"line":189,"column":3}},"line":185},"11":{"name":"(anonymous_11)","decl":{"start":{"line":205,"column":2},"end":{"line":205,"column":3}},"loc":{"start":{"line":205,"column":18},"end":{"line":209,"column":3}},"line":205},"12":{"name":"(anonymous_12)","decl":{"start":{"line":208,"column":32},"end":{"line":208,"column":33}},"loc":{"start":{"line":208,"column":43},"end":{"line":208,"column":70}},"line":208},"13":{"name":"(anonymous_13)","decl":{"start":{"line":219,"column":2},"end":{"line":219,"column":3}},"loc":{"start":{"line":219,"column":36},"end":{"line":229,"column":3}},"line":219},"14":{"name":"(anonymous_14)","decl":{"start":{"line":223,"column":20},"end":{"line":223,"column":21}},"loc":{"start":{"line":223,"column":30},"end":{"line":223,"column":35}},"line":223},"15":{"name":"(anonymous_15)","decl":{"start":{"line":226,"column":20},"end":{"line":226,"column":21}},"loc":{"start":{"line":226,"column":30},"end":{"line":226,"column":35}},"line":226},"16":{"name":"(anonymous_16)","decl":{"start":{"line":228,"column":23},"end":{"line":228,"column":24}},"loc":{"start":{"line":228,"column":32},"end":{"line":228,"column":37}},"line":228},"17":{"name":"(anonymous_17)","decl":{"start":{"line":239,"column":2},"end":{"line":239,"column":3}},"loc":{"start":{"line":239,"column":36},"end":{"line":249,"column":3}},"line":239},"18":{"name":"(anonymous_18)","decl":{"start":{"line":259,"column":2},"end":{"line":259,"column":3}},"loc":{"start":{"line":259,"column":29},"end":{"line":263,"column":3}},"line":259},"19":{"name":"(anonymous_19)","decl":{"start":{"line":262,"column":18},"end":{"line":262,"column":19}},"loc":{"start":{"line":262,"column":28},"end":{"line":262,"column":47}},"line":262},"20":{"name":"(anonymous_20)","decl":{"start":{"line":282,"column":2},"end":{"line":282,"column":3}},"loc":{"start":{"line":282,"column":28},"end":{"line":294,"column":3}},"line":282},"21":{"name":"(anonymous_21)","decl":{"start":{"line":306,"column":2},"end":{"line":306,"column":3}},"loc":{"start":{"line":306,"column":18},"end":{"line":308,"column":3}},"line":306},"22":{"name":"(anonymous_22)","decl":{"start":{"line":318,"column":2},"end":{"line":318,"column":3}},"loc":{"start":{"line":318,"column":20},"end":{"line":324,"column":3}},"line":318},"23":{"name":"(anonymous_23)","decl":{"start":{"line":342,"column":2},"end":{"line":342,"column":3}},"loc":{"start":{"line":342,"column":19},"end":{"line":345,"column":3}},"line":342},"24":{"name":"(anonymous_24)","decl":{"start":{"line":366,"column":2},"end":{"line":366,"column":3}},"loc":{"start":{"line":366,"column":17},"end":{"line":369,"column":3}},"line":366},"25":{"name":"(anonymous_25)","decl":{"start":{"line":386,"column":2},"end":{"line":386,"column":3}},"loc":{"start":{"line":386,"column":24},"end":{"line":396,"column":3}},"line":386},"26":{"name":"(anonymous_26)","decl":{"start":{"line":408,"column":2},"end":{"line":408,"column":3}},"loc":{"start":{"line":408,"column":26},"end":{"line":412,"column":3}},"line":408},"27":{"name":"(anonymous_27)","decl":{"start":{"line":410,"column":29},"end":{"line":410,"column":30}},"loc":{"start":{"line":410,"column":40},"end":{"line":410,"column":57}},"line":410},"28":{"name":"(anonymous_28)","decl":{"start":{"line":424,"column":2},"end":{"line":424,"column":3}},"loc":{"start":{"line":424,"column":19},"end":{"line":429,"column":3}},"line":424}},"branchMap":{"0":{"loc":{"start":{"line":9,"column":4},"end":{"line":11,"column":5}},"type":"if","locations":[{"start":{"line":9,"column":4},"end":{"line":11,"column":5}},{"start":{},"end":{}}],"line":9},"1":{"loc":{"start":{"line":36,"column":4},"end":{"line":38,"column":5}},"type":"if","locations":[{"start":{"line":36,"column":4},"end":{"line":38,"column":5}},{"start":{},"end":{}}],"line":36},"2":{"loc":{"start":{"line":56,"column":4},"end":{"line":58,"column":5}},"type":"if","locations":[{"start":{"line":56,"column":4},"end":{"line":58,"column":5}},{"start":{},"end":{}}],"line":56},"3":{"loc":{"start":{"line":135,"column":17},"end":{"line":135,"column":34}},"type":"default-arg","locations":[{"start":{"line":135,"column":26},"end":{"line":135,"column":34}}],"line":135},"4":{"loc":{"start":{"line":219,"column":21},"end":{"line":219,"column":34}},"type":"default-arg","locations":[{"start":{"line":219,"column":32},"end":{"line":219,"column":34}}],"line":219},"5":{"loc":{"start":{"line":222,"column":4},"end":{"line":228,"column":38}},"type":"if","locations":[{"start":{"line":222,"column":4},"end":{"line":228,"column":38}},{"start":{"line":225,"column":9},"end":{"line":228,"column":38}}],"line":222},"6":{"loc":{"start":{"line":225,"column":9},"end":{"line":228,"column":38}},"type":"if","locations":[{"start":{"line":225,"column":9},"end":{"line":228,"column":38}},{"start":{"line":228,"column":9},"end":{"line":228,"column":38}}],"line":225},"7":{"loc":{"start":{"line":239,"column":21},"end":{"line":239,"column":34}},"type":"default-arg","locations":[{"start":{"line":239,"column":32},"end":{"line":239,"column":34}}],"line":239},"8":{"loc":{"start":{"line":242,"column":4},"end":{"line":248,"column":24}},"type":"if","locations":[{"start":{"line":242,"column":4},"end":{"line":248,"column":24}},{"start":{"line":245,"column":9},"end":{"line":248,"column":24}}],"line":242},"9":{"loc":{"start":{"line":245,"column":9},"end":{"line":248,"column":24}},"type":"if","locations":[{"start":{"line":245,"column":9},"end":{"line":248,"column":24}},{"start":{"line":248,"column":9},"end":{"line":248,"column":24}}],"line":245},"10":{"loc":{"start":{"line":283,"column":4},"end":{"line":285,"column":5}},"type":"if","locations":[{"start":{"line":283,"column":4},"end":{"line":285,"column":5}},{"start":{},"end":{}}],"line":283},"11":{"loc":{"start":{"line":286,"column":4},"end":{"line":288,"column":5}},"type":"if","locations":[{"start":{"line":286,"column":4},"end":{"line":288,"column":5}},{"start":{},"end":{}}],"line":286},"12":{"loc":{"start":{"line":290,"column":4},"end":{"line":292,"column":5}},"type":"if","locations":[{"start":{"line":290,"column":4},"end":{"line":292,"column":5}},{"start":{},"end":{}}],"line":290},"13":{"loc":{"start":{"line":389,"column":6},"end":{"line":393,"column":7}},"type":"if","locations":[{"start":{"line":389,"column":6},"end":{"line":393,"column":7}},{"start":{"line":391,"column":13},"end":{"line":393,"column":7}}],"line":389}},"s":{"0":44,"1":48,"2":6,"3":1,"4":2,"5":2,"6":1,"7":1,"8":2,"9":2,"10":1,"11":1,"12":1,"13":1,"14":5,"15":1,"16":1,"17":5,"18":3,"19":3,"20":3,"21":3,"22":3,"23":3,"24":21,"25":1,"26":6,"27":6,"28":6,"29":4,"30":4,"31":4,"32":1,"33":3,"34":3,"35":3,"36":2,"37":2,"38":2,"39":8,"40":4,"41":4,"42":4,"43":1,"44":16,"45":3,"46":1,"47":15,"48":2,"49":30,"50":4,"51":4,"52":4,"53":1,"54":3,"55":1,"56":2,"57":1,"58":1,"59":1,"60":8,"61":1,"62":4,"63":1,"64":3,"65":1,"66":2,"67":2,"68":1,"69":1,"70":1,"71":1,"72":1,"73":1,"74":10,"75":1,"76":1,"77":2,"78":2,"79":1,"80":1,"81":1,"82":1,"83":1,"84":5,"85":4,"86":1,"87":1,"88":1,"89":5,"90":1},"f":{"0":44,"1":2,"2":2,"3":5,"4":5,"5":3,"6":21,"7":6,"8":4,"9":1,"10":3,"11":2,"12":8,"13":4,"14":16,"15":15,"16":30,"17":4,"18":1,"19":8,"20":4,"21":1,"22":1,"23":2,"24":1,"25":1,"26":1,"27":5,"28":1},"b":{"0":[6,42],"1":[1,1],"2":[1,1],"3":[4],"4":[2],"5":[1,3],"6":[1,2],"7":[1],"8":[1,3],"9":[1,2],"10":[1,3],"11":[1,2],"12":[1,1],"13":[4,1]},"_coverageSchema":"1a1c01bbd47fc00a2c39e90264f33305004495a9","hash":"9faaae5f32fc5e6c928ebca99ed98dc7c3f249ac"}
}
