{"/home/paramdeo/GitHub/ajuda/index.js": {"path":"/home/paramdeo/GitHub/ajuda/index.js","statementMap":{"0":{"start":{"line":8,"column":2},"end":{"line":12,"column":3}},"1":{"start":{"line":9,"column":4},"end":{"line":11,"column":5}},"2":{"start":{"line":10,"column":6},"end":{"line":10,"column":56}},"3":{"start":{"line":17,"column":22},"end":{"line":120,"column":1}},"4":{"start":{"line":35,"column":4},"end":{"line":35,"column":42}},"5":{"start":{"line":36,"column":4},"end":{"line":38,"column":5}},"6":{"start":{"line":37,"column":6},"end":{"line":37,"column":18}},"7":{"start":{"line":39,"column":4},"end":{"line":39,"column":61}},"8":{"start":{"line":55,"column":4},"end":{"line":55,"column":42}},"9":{"start":{"line":56,"column":4},"end":{"line":58,"column":5}},"10":{"start":{"line":57,"column":6},"end":{"line":57,"column":18}},"11":{"start":{"line":59,"column":14},"end":{"line":59,"column":53}},"12":{"start":{"line":60,"column":15},"end":{"line":60,"column":55}},"13":{"start":{"line":61,"column":4},"end":{"line":61,"column":55}},"14":{"start":{"line":72,"column":4},"end":{"line":72,"column":33}},"15":{"start":{"line":73,"column":12},"end":{"line":73,"column":35}},"16":{"start":{"line":74,"column":4},"end":{"line":77,"column":17}},"17":{"start":{"line":89,"column":4},"end":{"line":89,"column":33}},"18":{"start":{"line":90,"column":17},"end":{"line":90,"column":31}},"19":{"start":{"line":91,"column":12},"end":{"line":91,"column":35}},"20":{"start":{"line":92,"column":4},"end":{"line":95,"column":28}},"21":{"start":{"line":112,"column":4},"end":{"line":112,"column":33}},"22":{"start":{"line":113,"column":12},"end":{"line":113,"column":35}},"23":{"start":{"line":114,"column":4},"end":{"line":118,"column":11}},"24":{"start":{"line":117,"column":20},"end":{"line":117,"column":42}},"25":{"start":{"line":124,"column":21},"end":{"line":277,"column":1}},"26":{"start":{"line":139,"column":4},"end":{"line":139,"column":32}},"27":{"start":{"line":140,"column":12},"end":{"line":140,"column":34}},"28":{"start":{"line":141,"column":4},"end":{"line":141,"column":12}},"29":{"start":{"line":154,"column":4},"end":{"line":154,"column":32}},"30":{"start":{"line":155,"column":12},"end":{"line":155,"column":34}},"31":{"start":{"line":156,"column":4},"end":{"line":156,"column":25}},"32":{"start":{"line":168,"column":4},"end":{"line":168,"column":32}},"33":{"start":{"line":169,"column":12},"end":{"line":169,"column":26}},"34":{"start":{"line":170,"column":4},"end":{"line":170,"column":34}},"35":{"start":{"line":187,"column":4},"end":{"line":187,"column":59}},"36":{"start":{"line":199,"column":4},"end":{"line":199,"column":32}},"37":{"start":{"line":200,"column":12},"end":{"line":200,"column":34}},"38":{"start":{"line":201,"column":4},"end":{"line":201,"column":38}},"39":{"start":{"line":219,"column":4},"end":{"line":219,"column":32}},"40":{"start":{"line":220,"column":12},"end":{"line":220,"column":26}},"41":{"start":{"line":221,"column":4},"end":{"line":221,"column":71}},"42":{"start":{"line":221,"column":43},"end":{"line":221,"column":70}},"43":{"start":{"line":233,"column":4},"end":{"line":233,"column":32}},"44":{"start":{"line":234,"column":12},"end":{"line":234,"column":34}},"45":{"start":{"line":235,"column":4},"end":{"line":241,"column":38}},"46":{"start":{"line":236,"column":6},"end":{"line":236,"column":36}},"47":{"start":{"line":236,"column":30},"end":{"line":236,"column":35}},"48":{"start":{"line":238,"column":9},"end":{"line":241,"column":38}},"49":{"start":{"line":239,"column":6},"end":{"line":239,"column":36}},"50":{"start":{"line":239,"column":30},"end":{"line":239,"column":35}},"51":{"start":{"line":241,"column":9},"end":{"line":241,"column":38}},"52":{"start":{"line":241,"column":32},"end":{"line":241,"column":37}},"53":{"start":{"line":253,"column":4},"end":{"line":253,"column":32}},"54":{"start":{"line":254,"column":12},"end":{"line":254,"column":34}},"55":{"start":{"line":255,"column":4},"end":{"line":261,"column":24}},"56":{"start":{"line":256,"column":6},"end":{"line":256,"column":31}},"57":{"start":{"line":258,"column":9},"end":{"line":261,"column":24}},"58":{"start":{"line":259,"column":6},"end":{"line":259,"column":21}},"59":{"start":{"line":261,"column":9},"end":{"line":261,"column":24}},"60":{"start":{"line":273,"column":4},"end":{"line":273,"column":32}},"61":{"start":{"line":274,"column":12},"end":{"line":274,"column":34}},"62":{"start":{"line":275,"column":4},"end":{"line":275,"column":48}},"63":{"start":{"line":275,"column":28},"end":{"line":275,"column":47}},"64":{"start":{"line":281,"column":22},"end":{"line":339,"column":1}},"65":{"start":{"line":296,"column":4},"end":{"line":298,"column":5}},"66":{"start":{"line":297,"column":6},"end":{"line":297,"column":56}},"67":{"start":{"line":299,"column":4},"end":{"line":301,"column":5}},"68":{"start":{"line":300,"column":6},"end":{"line":300,"column":57}},"69":{"start":{"line":302,"column":17},"end":{"line":302,"column":33}},"70":{"start":{"line":303,"column":4},"end":{"line":305,"column":5}},"71":{"start":{"line":304,"column":6},"end":{"line":304,"column":69}},"72":{"start":{"line":306,"column":4},"end":{"line":306,"column":17}},"73":{"start":{"line":320,"column":4},"end":{"line":320,"column":34}},"74":{"start":{"line":321,"column":4},"end":{"line":321,"column":45}},"75":{"start":{"line":333,"column":16},"end":{"line":333,"column":18}},"76":{"start":{"line":334,"column":4},"end":{"line":336,"column":5}},"77":{"start":{"line":334,"column":17},"end":{"line":334,"column":22}},"78":{"start":{"line":335,"column":6},"end":{"line":335,"column":19}},"79":{"start":{"line":337,"column":4},"end":{"line":337,"column":16}},"80":{"start":{"line":343,"column":22},"end":{"line":401,"column":1}},"81":{"start":{"line":357,"column":4},"end":{"line":357,"column":34}},"82":{"start":{"line":358,"column":12},"end":{"line":358,"column":36}},"83":{"start":{"line":359,"column":4},"end":{"line":359,"column":12}},"84":{"start":{"line":374,"column":4},"end":{"line":374,"column":34}},"85":{"start":{"line":375,"column":4},"end":{"line":375,"column":43}},"86":{"start":{"line":398,"column":4},"end":{"line":398,"column":34}},"87":{"start":{"line":399,"column":4},"end":{"line":399,"column":46}},"88":{"start":{"line":405,"column":19},"end":{"line":461,"column":1}},"89":{"start":{"line":418,"column":16},"end":{"line":418,"column":28}},"90":{"start":{"line":419,"column":4},"end":{"line":425,"column":5}},"91":{"start":{"line":420,"column":6},"end":{"line":424,"column":7}},"92":{"start":{"line":421,"column":8},"end":{"line":421,"column":29}},"93":{"start":{"line":423,"column":8},"end":{"line":423,"column":26}},"94":{"start":{"line":426,"column":4},"end":{"line":426,"column":16}},"95":{"start":{"line":440,"column":4},"end":{"line":442,"column":5}},"96":{"start":{"line":441,"column":40},"end":{"line":441,"column":57}},"97":{"start":{"line":456,"column":4},"end":{"line":459,"column":6}}},"fnMap":{"0":{"name":"checkParams","decl":{"start":{"line":7,"column":9},"end":{"line":7,"column":20}},"loc":{"start":{"line":7,"column":42},"end":{"line":13,"column":1}},"line":7},"1":{"name":"(anonymous_1)","decl":{"start":{"line":34,"column":2},"end":{"line":34,"column":3}},"loc":{"start":{"line":34,"column":27},"end":{"line":40,"column":3}},"line":34},"2":{"name":"(anonymous_2)","decl":{"start":{"line":54,"column":2},"end":{"line":54,"column":3}},"loc":{"start":{"line":54,"column":29},"end":{"line":62,"column":3}},"line":54},"3":{"name":"(anonymous_3)","decl":{"start":{"line":71,"column":2},"end":{"line":71,"column":3}},"loc":{"start":{"line":71,"column":18},"end":{"line":78,"column":3}},"line":71},"4":{"name":"(anonymous_4)","decl":{"start":{"line":88,"column":2},"end":{"line":88,"column":3}},"loc":{"start":{"line":88,"column":18},"end":{"line":96,"column":3}},"line":88},"5":{"name":"(anonymous_5)","decl":{"start":{"line":111,"column":2},"end":{"line":111,"column":3}},"loc":{"start":{"line":111,"column":20},"end":{"line":119,"column":4}},"line":111},"6":{"name":"(anonymous_6)","decl":{"start":{"line":117,"column":12},"end":{"line":117,"column":13}},"loc":{"start":{"line":117,"column":20},"end":{"line":117,"column":42}},"line":117},"7":{"name":"(anonymous_7)","decl":{"start":{"line":138,"column":2},"end":{"line":138,"column":3}},"loc":{"start":{"line":138,"column":18},"end":{"line":142,"column":3}},"line":138},"8":{"name":"(anonymous_8)","decl":{"start":{"line":153,"column":2},"end":{"line":153,"column":3}},"loc":{"start":{"line":153,"column":36},"end":{"line":157,"column":3}},"line":153},"9":{"name":"(anonymous_9)","decl":{"start":{"line":167,"column":2},"end":{"line":167,"column":3}},"loc":{"start":{"line":167,"column":23},"end":{"line":171,"column":3}},"line":167},"10":{"name":"(anonymous_10)","decl":{"start":{"line":186,"column":2},"end":{"line":186,"column":3}},"loc":{"start":{"line":186,"column":25},"end":{"line":188,"column":3}},"line":186},"11":{"name":"(anonymous_11)","decl":{"start":{"line":198,"column":2},"end":{"line":198,"column":3}},"loc":{"start":{"line":198,"column":26},"end":{"line":202,"column":3}},"line":198},"12":{"name":"(anonymous_12)","decl":{"start":{"line":218,"column":2},"end":{"line":218,"column":3}},"loc":{"start":{"line":218,"column":18},"end":{"line":222,"column":3}},"line":218},"13":{"name":"(anonymous_13)","decl":{"start":{"line":221,"column":32},"end":{"line":221,"column":33}},"loc":{"start":{"line":221,"column":43},"end":{"line":221,"column":70}},"line":221},"14":{"name":"(anonymous_14)","decl":{"start":{"line":232,"column":2},"end":{"line":232,"column":3}},"loc":{"start":{"line":232,"column":36},"end":{"line":242,"column":3}},"line":232},"15":{"name":"(anonymous_15)","decl":{"start":{"line":236,"column":20},"end":{"line":236,"column":21}},"loc":{"start":{"line":236,"column":30},"end":{"line":236,"column":35}},"line":236},"16":{"name":"(anonymous_16)","decl":{"start":{"line":239,"column":20},"end":{"line":239,"column":21}},"loc":{"start":{"line":239,"column":30},"end":{"line":239,"column":35}},"line":239},"17":{"name":"(anonymous_17)","decl":{"start":{"line":241,"column":23},"end":{"line":241,"column":24}},"loc":{"start":{"line":241,"column":32},"end":{"line":241,"column":37}},"line":241},"18":{"name":"(anonymous_18)","decl":{"start":{"line":252,"column":2},"end":{"line":252,"column":3}},"loc":{"start":{"line":252,"column":36},"end":{"line":262,"column":3}},"line":252},"19":{"name":"(anonymous_19)","decl":{"start":{"line":272,"column":2},"end":{"line":272,"column":3}},"loc":{"start":{"line":272,"column":29},"end":{"line":276,"column":3}},"line":272},"20":{"name":"(anonymous_20)","decl":{"start":{"line":275,"column":18},"end":{"line":275,"column":19}},"loc":{"start":{"line":275,"column":28},"end":{"line":275,"column":47}},"line":275},"21":{"name":"(anonymous_21)","decl":{"start":{"line":295,"column":2},"end":{"line":295,"column":3}},"loc":{"start":{"line":295,"column":28},"end":{"line":307,"column":3}},"line":295},"22":{"name":"(anonymous_22)","decl":{"start":{"line":319,"column":2},"end":{"line":319,"column":3}},"loc":{"start":{"line":319,"column":18},"end":{"line":322,"column":3}},"line":319},"23":{"name":"(anonymous_23)","decl":{"start":{"line":332,"column":2},"end":{"line":332,"column":3}},"loc":{"start":{"line":332,"column":20},"end":{"line":338,"column":3}},"line":332},"24":{"name":"(anonymous_24)","decl":{"start":{"line":356,"column":2},"end":{"line":356,"column":3}},"loc":{"start":{"line":356,"column":20},"end":{"line":360,"column":3}},"line":356},"25":{"name":"(anonymous_25)","decl":{"start":{"line":373,"column":2},"end":{"line":373,"column":3}},"loc":{"start":{"line":373,"column":19},"end":{"line":376,"column":3}},"line":373},"26":{"name":"(anonymous_26)","decl":{"start":{"line":397,"column":2},"end":{"line":397,"column":3}},"loc":{"start":{"line":397,"column":17},"end":{"line":400,"column":3}},"line":397},"27":{"name":"(anonymous_27)","decl":{"start":{"line":417,"column":2},"end":{"line":417,"column":3}},"loc":{"start":{"line":417,"column":24},"end":{"line":427,"column":3}},"line":417},"28":{"name":"(anonymous_28)","decl":{"start":{"line":439,"column":2},"end":{"line":439,"column":3}},"loc":{"start":{"line":439,"column":26},"end":{"line":443,"column":3}},"line":439},"29":{"name":"(anonymous_29)","decl":{"start":{"line":441,"column":29},"end":{"line":441,"column":30}},"loc":{"start":{"line":441,"column":40},"end":{"line":441,"column":57}},"line":441},"30":{"name":"(anonymous_30)","decl":{"start":{"line":455,"column":2},"end":{"line":455,"column":3}},"loc":{"start":{"line":455,"column":19},"end":{"line":460,"column":3}},"line":455}},"branchMap":{"0":{"loc":{"start":{"line":9,"column":4},"end":{"line":11,"column":5}},"type":"if","locations":[{"start":{"line":9,"column":4},"end":{"line":11,"column":5}},{"start":{},"end":{}}],"line":9},"1":{"loc":{"start":{"line":36,"column":4},"end":{"line":38,"column":5}},"type":"if","locations":[{"start":{"line":36,"column":4},"end":{"line":38,"column":5}},{"start":{},"end":{}}],"line":36},"2":{"loc":{"start":{"line":56,"column":4},"end":{"line":58,"column":5}},"type":"if","locations":[{"start":{"line":56,"column":4},"end":{"line":58,"column":5}},{"start":{},"end":{}}],"line":56},"3":{"loc":{"start":{"line":153,"column":17},"end":{"line":153,"column":34}},"type":"default-arg","locations":[{"start":{"line":153,"column":26},"end":{"line":153,"column":34}}],"line":153},"4":{"loc":{"start":{"line":232,"column":21},"end":{"line":232,"column":34}},"type":"default-arg","locations":[{"start":{"line":232,"column":32},"end":{"line":232,"column":34}}],"line":232},"5":{"loc":{"start":{"line":235,"column":4},"end":{"line":241,"column":38}},"type":"if","locations":[{"start":{"line":235,"column":4},"end":{"line":241,"column":38}},{"start":{"line":238,"column":9},"end":{"line":241,"column":38}}],"line":235},"6":{"loc":{"start":{"line":238,"column":9},"end":{"line":241,"column":38}},"type":"if","locations":[{"start":{"line":238,"column":9},"end":{"line":241,"column":38}},{"start":{"line":241,"column":9},"end":{"line":241,"column":38}}],"line":238},"7":{"loc":{"start":{"line":252,"column":21},"end":{"line":252,"column":34}},"type":"default-arg","locations":[{"start":{"line":252,"column":32},"end":{"line":252,"column":34}}],"line":252},"8":{"loc":{"start":{"line":255,"column":4},"end":{"line":261,"column":24}},"type":"if","locations":[{"start":{"line":255,"column":4},"end":{"line":261,"column":24}},{"start":{"line":258,"column":9},"end":{"line":261,"column":24}}],"line":255},"9":{"loc":{"start":{"line":258,"column":9},"end":{"line":261,"column":24}},"type":"if","locations":[{"start":{"line":258,"column":9},"end":{"line":261,"column":24}},{"start":{"line":261,"column":9},"end":{"line":261,"column":24}}],"line":258},"10":{"loc":{"start":{"line":296,"column":4},"end":{"line":298,"column":5}},"type":"if","locations":[{"start":{"line":296,"column":4},"end":{"line":298,"column":5}},{"start":{},"end":{}}],"line":296},"11":{"loc":{"start":{"line":299,"column":4},"end":{"line":301,"column":5}},"type":"if","locations":[{"start":{"line":299,"column":4},"end":{"line":301,"column":5}},{"start":{},"end":{}}],"line":299},"12":{"loc":{"start":{"line":303,"column":4},"end":{"line":305,"column":5}},"type":"if","locations":[{"start":{"line":303,"column":4},"end":{"line":305,"column":5}},{"start":{},"end":{}}],"line":303},"13":{"loc":{"start":{"line":420,"column":6},"end":{"line":424,"column":7}},"type":"if","locations":[{"start":{"line":420,"column":6},"end":{"line":424,"column":7}},{"start":{"line":422,"column":13},"end":{"line":424,"column":7}}],"line":420}},"s":{"0":79,"1":83,"2":38,"3":1,"4":4,"5":2,"6":1,"7":1,"8":4,"9":2,"10":1,"11":1,"12":1,"13":1,"14":5,"15":1,"16":1,"17":5,"18":3,"19":3,"20":3,"21":5,"22":3,"23":3,"24":21,"25":1,"26":3,"27":1,"28":1,"29":10,"30":6,"31":6,"32":6,"33":4,"34":4,"35":2,"36":5,"37":3,"38":3,"39":4,"40":2,"41":2,"42":8,"43":6,"44":4,"45":4,"46":1,"47":16,"48":3,"49":1,"50":15,"51":2,"52":30,"53":6,"54":4,"55":4,"56":1,"57":3,"58":1,"59":2,"60":3,"61":1,"62":1,"63":8,"64":1,"65":6,"66":2,"67":4,"68":2,"69":2,"70":2,"71":1,"72":1,"73":3,"74":1,"75":1,"76":1,"77":1,"78":10,"79":1,"80":1,"81":3,"82":1,"83":1,"84":4,"85":2,"86":3,"87":1,"88":1,"89":3,"90":3,"91":5,"92":4,"93":1,"94":1,"95":3,"96":6,"97":3},"f":{"0":79,"1":4,"2":4,"3":5,"4":5,"5":5,"6":21,"7":3,"8":10,"9":6,"10":2,"11":5,"12":4,"13":8,"14":6,"15":16,"16":15,"17":30,"18":6,"19":3,"20":8,"21":6,"22":3,"23":1,"24":3,"25":4,"26":3,"27":3,"28":3,"29":6,"30":3},"b":{"0":[38,45],"1":[1,1],"2":[1,1],"3":[7],"4":[4],"5":[1,3],"6":[1,2],"7":[3],"8":[1,3],"9":[1,2],"10":[2,4],"11":[2,2],"12":[1,1],"13":[4,1]},"_coverageSchema":"1a1c01bbd47fc00a2c39e90264f33305004495a9","hash":"cd1cd972606863e68f6555e8faf10a4ebdad025c"}
}
