TN:
SF:index.js
FN:7,checkParams
FN:34,(anonymous_1)
FN:54,(anonymous_2)
FN:71,(anonymous_3)
FN:88,(anonymous_4)
FN:111,(anonymous_5)
FN:117,(anonymous_6)
FN:138,(anonymous_7)
FN:153,(anonymous_8)
FN:167,(anonymous_9)
FN:186,(anonymous_10)
FN:198,(anonymous_11)
FN:218,(anonymous_12)
FN:221,(anonymous_13)
FN:232,(anonymous_14)
FN:236,(anonymous_15)
FN:239,(anonymous_16)
FN:241,(anonymous_17)
FN:252,(anonymous_18)
FN:272,(anonymous_19)
FN:275,(anonymous_20)
FN:295,(anonymous_21)
FN:319,(anonymous_22)
FN:332,(anonymous_23)
FN:356,(anonymous_24)
FN:373,(anonymous_25)
FN:397,(anonymous_26)
FN:417,(anonymous_27)
FN:439,(anonymous_28)
FN:441,(anonymous_29)
FN:455,(anonymous_30)
FNF:31
FNH:31
FNDA:79,checkParams
FNDA:4,(anonymous_1)
FNDA:4,(anonymous_2)
FNDA:5,(anonymous_3)
FNDA:5,(anonymous_4)
FNDA:5,(anonymous_5)
FNDA:21,(anonymous_6)
FNDA:3,(anonymous_7)
FNDA:10,(anonymous_8)
FNDA:6,(anonymous_9)
FNDA:2,(anonymous_10)
FNDA:5,(anonymous_11)
FNDA:4,(anonymous_12)
FNDA:8,(anonymous_13)
FNDA:6,(anonymous_14)
FNDA:16,(anonymous_15)
FNDA:15,(anonymous_16)
FNDA:30,(anonymous_17)
FNDA:6,(anonymous_18)
FNDA:3,(anonymous_19)
FNDA:8,(anonymous_20)
FNDA:6,(anonymous_21)
FNDA:3,(anonymous_22)
FNDA:1,(anonymous_23)
FNDA:3,(anonymous_24)
FNDA:4,(anonymous_25)
FNDA:3,(anonymous_26)
FNDA:3,(anonymous_27)
FNDA:3,(anonymous_28)
FNDA:6,(anonymous_29)
FNDA:3,(anonymous_30)
DA:8,79
DA:9,83
DA:10,38
DA:17,1
DA:35,4
DA:36,2
DA:37,1
DA:39,1
DA:55,4
DA:56,2
DA:57,1
DA:59,1
DA:60,1
DA:61,1
DA:72,5
DA:73,1
DA:74,1
DA:89,5
DA:90,3
DA:91,3
DA:92,3
DA:112,5
DA:113,3
DA:114,3
DA:117,21
DA:124,1
DA:139,3
DA:140,1
DA:141,1
DA:154,10
DA:155,6
DA:156,6
DA:168,6
DA:169,4
DA:170,4
DA:187,2
DA:199,5
DA:200,3
DA:201,3
DA:219,4
DA:220,2
DA:221,8
DA:233,6
DA:234,4
DA:235,4
DA:236,16
DA:238,3
DA:239,15
DA:241,30
DA:253,6
DA:254,4
DA:255,4
DA:256,1
DA:258,3
DA:259,1
DA:261,2
DA:273,3
DA:274,1
DA:275,8
DA:281,1
DA:296,6
DA:297,2
DA:299,4
DA:300,2
DA:302,2
DA:303,2
DA:304,1
DA:306,1
DA:320,3
DA:321,1
DA:333,1
DA:334,1
DA:335,10
DA:337,1
DA:343,1
DA:357,3
DA:358,1
DA:359,1
DA:374,4
DA:375,2
DA:398,3
DA:399,1
DA:405,1
DA:418,3
DA:419,3
DA:420,5
DA:421,4
DA:423,1
DA:426,1
DA:440,3
DA:441,6
DA:456,3
LF:92
LH:92
BRDA:9,0,0,38
BRDA:9,0,1,45
BRDA:36,1,0,1
BRDA:36,1,1,1
BRDA:56,2,0,1
BRDA:56,2,1,1
BRDA:153,3,0,7
BRDA:232,4,0,4
BRDA:235,5,0,1
BRDA:235,5,1,3
BRDA:238,6,0,1
BRDA:238,6,1,2
BRDA:252,7,0,3
BRDA:255,8,0,1
BRDA:255,8,1,3
BRDA:258,9,0,1
BRDA:258,9,1,2
BRDA:296,10,0,2
BRDA:296,10,1,4
BRDA:299,11,0,2
BRDA:299,11,1,2
BRDA:303,12,0,1
BRDA:303,12,1,1
BRDA:420,13,0,4
BRDA:420,13,1,1
BRF:25
BRH:25
end_of_record
