TN:
SF:index.js
FN:7,checkParams
FN:34,(anonymous_1)
FN:54,(anonymous_2)
FN:71,(anonymous_3)
FN:88,(anonymous_4)
FN:111,(anonymous_5)
FN:117,(anonymous_6)
FN:135,(anonymous_7)
FN:149,(anonymous_8)
FN:168,(anonymous_9)
FN:180,(anonymous_10)
FN:200,(anonymous_11)
FN:203,(anonymous_12)
FN:214,(anonymous_13)
FN:218,(anonymous_14)
FN:221,(anonymous_15)
FN:223,(anonymous_16)
FN:234,(anonymous_17)
FN:254,(anonymous_18)
FN:257,(anonymous_19)
FN:277,(anonymous_20)
FN:301,(anonymous_21)
FN:314,(anonymous_22)
FN:338,(anonymous_23)
FN:362,(anonymous_24)
FN:382,(anonymous_25)
FN:404,(anonymous_26)
FN:406,(anonymous_27)
FN:420,(anonymous_28)
FNF:29
FNH:29
FNDA:73,checkParams
FNDA:4,(anonymous_1)
FNDA:4,(anonymous_2)
FNDA:5,(anonymous_3)
FNDA:5,(anonymous_4)
FNDA:5,(anonymous_5)
FNDA:21,(anonymous_6)
FNDA:10,(anonymous_7)
FNDA:6,(anonymous_8)
FNDA:2,(anonymous_9)
FNDA:5,(anonymous_10)
FNDA:4,(anonymous_11)
FNDA:8,(anonymous_12)
FNDA:6,(anonymous_13)
FNDA:16,(anonymous_14)
FNDA:15,(anonymous_15)
FNDA:30,(anonymous_16)
FNDA:6,(anonymous_17)
FNDA:3,(anonymous_18)
FNDA:8,(anonymous_19)
FNDA:6,(anonymous_20)
FNDA:3,(anonymous_21)
FNDA:1,(anonymous_22)
FNDA:4,(anonymous_23)
FNDA:3,(anonymous_24)
FNDA:3,(anonymous_25)
FNDA:3,(anonymous_26)
FNDA:6,(anonymous_27)
FNDA:3,(anonymous_28)
DA:8,73
DA:9,77
DA:10,34
DA:17,1
DA:35,4
DA:36,2
DA:37,1
DA:39,1
DA:55,4
DA:56,2
DA:57,1
DA:59,1
DA:60,1
DA:61,1
DA:72,5
DA:73,1
DA:74,1
DA:89,5
DA:90,3
DA:91,3
DA:92,3
DA:112,5
DA:113,3
DA:114,3
DA:117,21
DA:124,1
DA:136,10
DA:137,6
DA:138,6
DA:150,6
DA:151,4
DA:152,4
DA:169,2
DA:181,5
DA:182,3
DA:183,3
DA:201,4
DA:202,2
DA:203,8
DA:215,6
DA:216,4
DA:217,4
DA:218,16
DA:220,3
DA:221,15
DA:223,30
DA:235,6
DA:236,4
DA:237,4
DA:238,1
DA:240,3
DA:241,1
DA:243,2
DA:255,3
DA:256,1
DA:257,8
DA:263,1
DA:278,6
DA:279,2
DA:281,4
DA:282,2
DA:284,2
DA:285,2
DA:286,1
DA:288,1
DA:302,3
DA:303,1
DA:315,1
DA:316,1
DA:317,10
DA:319,1
DA:325,1
DA:339,4
DA:340,2
DA:363,3
DA:364,1
DA:370,1
DA:383,3
DA:384,3
DA:385,5
DA:386,4
DA:388,1
DA:391,1
DA:405,3
DA:406,6
DA:421,3
LF:86
LH:86
BRDA:9,0,0,34
BRDA:9,0,1,43
BRDA:36,1,0,1
BRDA:36,1,1,1
BRDA:56,2,0,1
BRDA:56,2,1,1
BRDA:135,3,0,7
BRDA:214,4,0,4
BRDA:217,5,0,1
BRDA:217,5,1,3
BRDA:220,6,0,1
BRDA:220,6,1,2
BRDA:234,7,0,3
BRDA:237,8,0,1
BRDA:237,8,1,3
BRDA:240,9,0,1
BRDA:240,9,1,2
BRDA:278,10,0,2
BRDA:278,10,1,4
BRDA:281,11,0,2
BRDA:281,11,1,2
BRDA:285,12,0,1
BRDA:285,12,1,1
BRDA:385,13,0,4
BRDA:385,13,1,1
BRF:25
BRH:25
end_of_record
